10/06/2020 07:27:28 PM This tool is Utomation (Universe Reports Automation) created by Madhusudan Dhakite
10/06/2020 07:27:28 PM Reading excel file:D:\Users\MDhakite\Desktop\HackathonSEP2020\U2Report2020.xlsx
10/06/2020 07:27:28 PM Reaading it row by row
10/06/2020 07:27:28 PM Captured all the values from Excel Report for Reference Number 7489453
10/06/2020 07:27:29 PM Calculated required parameters from DB
10/06/2020 07:27:29 PM AOR Date: NA
10/06/2020 07:27:29 PM AOR Time: NA
10/06/2020 07:27:29 PM Oral Notification Date: NA
10/06/2020 07:27:29 PM Oral Notification Date: NA
10/06/2020 07:27:29 PM Diagnosis Value: R93.421 - ABNORMAL RAD FIND DIAGNOISIS IMAGING RT KIDNEY
10/06/2020 07:27:29 PM Comparison with Calculated columns initiated...
10/06/2020 07:27:29 PM Comparison with Calculated columns completed.
10/06/2020 07:27:29 PM Verifying additional columns...
10/06/2020 07:27:29 PM Constructing sql query for additional columns...
10/06/2020 07:27:29 PM Extracting records from database...
10/06/2020 07:27:29 PM select count(*) as count from (select distinct md.FIRST_NAME, md.LAST_NAME, md.MEMBER_NBR, muc.CONTRACT_ID, muc.PLAN_ID, A.ReferenceNumber,
case when A.RequestorTypeKey=12 then 'CP' when A.RequestorTypeKey = 13  then 'B' when A.RequestorTypeKey=14 then 'BR' when A.RequestorTypeKey= 15 then 'NCP' else 'NA' end as RT,
Case when up.FacilityProviderIsINN = 1 then 'CP' else 'NCP' end as provider_type,
convert(varchar,di.DATE, 111) as date_request_received,
convert(char(8), rldf.ReviewReceivedDateTime, 24) as time_request_received, --new
Case when rldf.AuthReviewPriorityKey = 4 then 'Y' else 'N' end as timeframe_extension,
Case when rldf.AuthReviewPriorityKey = 4 then '' else 'NA' end as expedited_grievance_colP,
case when rldf.AuthReviewUMFinalStatusKey IN (4, 5) then 'Denied' else 'Approved' end as Request_Disposition,
convert(varchar,dd.DATE, 111) as Date_sponsor_decision,
convert(char(8), rldf.AuthReviewUMFinalDecisionDateTime, 24) as time_sponsor_decision,--new
case when rldf.AuthReviewUMFinalStatusKey  = 3 THEN 'NA' ELSE CASE WHEN rldf.AuthReviewUMFinalDenialReasonKey IN (3, 4, 10, 33) THEN 'Y' ELSE 'N' end end as lack_of_medical_necessity,
CASE WHEN rldf.AuthReviewUMFinalStatusKey = 3 THEN convert(varchar,dd.DATE, 111) ELSE 'NA' end as Date_service_authorization,
CASE WHEN rldf.AuthReviewUMFinalStatusKey = 3 THEN convert(char(8), rldf.AuthReviewUMFinalDecisionDateTime, 24) ELSE 'NA' end as Time_service_authorization, --new
DATEDIFF(hour, rldf.ReviewReceivedDateTime, rldf.AuthReviewUMFinalDecisionDateTime) as TAT_for_decision, --new
case when DATEDIFF(hour, rldf.ReviewReceivedDateTime, rldf.AuthReviewUMFinalDecisionDateTime) > 72 then 'N' when DATEDIFF(hour, rldf.ReviewReceivedDateTime, rldf.AuthReviewUMFinalDecisionDateTime) < 0 THEN 'NA' else 'Y' end as Timeliness_for_decision --new
from  IdentifiRpt.CareNoteFact cf
left outer join MEMBER_DIM md on md.MEMBER_DIM_KEY= cf.MemberDimKey
left outer join PLAN_DIM  pd on pd.PLAN_DIM_KEY= cf.PlanDimKey
left outer join IdentifiRpt.UM_ReviewLineDetailFact rldf on (cf.AuthReviewKey = rldf.AuthReviewKey)
left outer join DATE_DIM dd on dd.DATE_DIM_KEY = rldf.AuthReviewUMFinalDecisionDateDimKey
left outer join MStrategy_Trans.dbo.MSTR_UNIVERSES_CLIENT  muc on muc.PLAN_DESC_IDCARD = pd.PLAN_DESC_IDCARD
left outer join IdentifiRpt.UM_RequestFact AS A on A.AuthRequestKey = rldf.AuthRequestKey
left outer join IdentifiRpt.DiagnosisFact df on (rldf.AuthRequestKey = df.AuthRequestKey)
left outer join DATE_DIM di on di.DATE_DIM_KEY = rldf.ReviewReceivedDateDimKey
left outer join VW_Fact_UM_Providers up on up.AuthRequestKey= rldf.AuthRequestKey
where rldf.AuthReviewPriorityKey in (2, 4) and A.IsPreDetermination in (1) and rldf.AuthReviewUMFinalStatusKey in (3, 5, 4)
and rldf.AuthReviewTypeKey in (1) and A.ReferenceNumber = '7489453' and md.MEMBER_NBR = '2940444')A where concat(A.FIRST_NAME, A.LAST_NAME, A.MEMBER_NBR, A.CONTRACT_ID, A.PLAN_ID, A.ReferenceNumber,A.RT,A.provider_type,A.date_request_received,A.time_request_received,A.timeframe_extension,A.expedited_grievance_colP,A.Request_Disposition,A.Date_sponsor_decision,A.time_sponsor_decision,A.lack_of_medical_necessity,A.Date_service_authorization,A.Time_service_authorization,A.TAT_for_decision,A.Timeliness_for_decision) in ('ANDREWREYES2940444H98700017489453BCP2019/09/2502:52:00NNADenied2019/09/2502:57:06YNANA0Y')
10/06/2020 07:27:29 PM Validating the records for additional columns...
10/06/2020 07:27:29 PM No failures in additional columns.
10/06/2020 07:27:29 PM Captured all the values from Excel Report for Reference Number 7491487
10/06/2020 07:27:30 PM Calculated required parameters from DB
10/06/2020 07:27:30 PM AOR Date: NA
10/06/2020 07:27:30 PM AOR Time: NA
10/06/2020 07:27:30 PM Oral Notification Date: NA
10/06/2020 07:27:30 PM Oral Notification Date: NA
10/06/2020 07:27:30 PM Diagnosis Value: H40.219 - ACUTE ANGLE-CLOSURE GLAUCOMA UNSPECIFIED EYE
10/06/2020 07:27:30 PM Comparison with Calculated columns initiated...
10/06/2020 07:27:30 PM Comparison with Calculated columns completed.
10/06/2020 07:27:30 PM Verifying additional columns...
10/06/2020 07:27:30 PM Constructing sql query for additional columns...
10/06/2020 07:27:30 PM Extracting records from database...
10/06/2020 07:27:30 PM select count(*) as count from (select distinct md.FIRST_NAME, md.LAST_NAME, md.MEMBER_NBR, muc.CONTRACT_ID, muc.PLAN_ID, A.ReferenceNumber,
case when A.RequestorTypeKey=12 then 'CP' when A.RequestorTypeKey = 13  then 'B' when A.RequestorTypeKey=14 then 'BR' when A.RequestorTypeKey= 15 then 'NCP' else 'NA' end as RT,
Case when up.FacilityProviderIsINN = 1 then 'CP' else 'NCP' end as provider_type,
convert(varchar,di.DATE, 111) as date_request_received,
convert(char(8), rldf.ReviewReceivedDateTime, 24) as time_request_received, --new
Case when rldf.AuthReviewPriorityKey = 4 then 'Y' else 'N' end as timeframe_extension,
Case when rldf.AuthReviewPriorityKey = 4 then '' else 'NA' end as expedited_grievance_colP,
case when rldf.AuthReviewUMFinalStatusKey IN (4, 5) then 'Denied' else 'Approved' end as Request_Disposition,
convert(varchar,dd.DATE, 111) as Date_sponsor_decision,
convert(char(8), rldf.AuthReviewUMFinalDecisionDateTime, 24) as time_sponsor_decision,--new
case when rldf.AuthReviewUMFinalStatusKey  = 3 THEN 'NA' ELSE CASE WHEN rldf.AuthReviewUMFinalDenialReasonKey IN (3, 4, 10, 33) THEN 'Y' ELSE 'N' end end as lack_of_medical_necessity,
CASE WHEN rldf.AuthReviewUMFinalStatusKey = 3 THEN convert(varchar,dd.DATE, 111) ELSE 'NA' end as Date_service_authorization,
CASE WHEN rldf.AuthReviewUMFinalStatusKey = 3 THEN convert(char(8), rldf.AuthReviewUMFinalDecisionDateTime, 24) ELSE 'NA' end as Time_service_authorization, --new
DATEDIFF(hour, rldf.ReviewReceivedDateTime, rldf.AuthReviewUMFinalDecisionDateTime) as TAT_for_decision, --new
case when DATEDIFF(hour, rldf.ReviewReceivedDateTime, rldf.AuthReviewUMFinalDecisionDateTime) > 72 then 'N' when DATEDIFF(hour, rldf.ReviewReceivedDateTime, rldf.AuthReviewUMFinalDecisionDateTime) < 0 THEN 'NA' else 'Y' end as Timeliness_for_decision --new
from  IdentifiRpt.CareNoteFact cf
left outer join MEMBER_DIM md on md.MEMBER_DIM_KEY= cf.MemberDimKey
left outer join PLAN_DIM  pd on pd.PLAN_DIM_KEY= cf.PlanDimKey
left outer join IdentifiRpt.UM_ReviewLineDetailFact rldf on (cf.AuthReviewKey = rldf.AuthReviewKey)
left outer join DATE_DIM dd on dd.DATE_DIM_KEY = rldf.AuthReviewUMFinalDecisionDateDimKey
left outer join MStrategy_Trans.dbo.MSTR_UNIVERSES_CLIENT  muc on muc.PLAN_DESC_IDCARD = pd.PLAN_DESC_IDCARD
left outer join IdentifiRpt.UM_RequestFact AS A on A.AuthRequestKey = rldf.AuthRequestKey
left outer join IdentifiRpt.DiagnosisFact df on (rldf.AuthRequestKey = df.AuthRequestKey)
left outer join DATE_DIM di on di.DATE_DIM_KEY = rldf.ReviewReceivedDateDimKey
left outer join VW_Fact_UM_Providers up on up.AuthRequestKey= rldf.AuthRequestKey
where rldf.AuthReviewPriorityKey in (2, 4) and A.IsPreDetermination in (1) and rldf.AuthReviewUMFinalStatusKey in (3, 5, 4)
and rldf.AuthReviewTypeKey in (1) and A.ReferenceNumber = '7491487' and md.MEMBER_NBR = '2878509')A where concat(A.FIRST_NAME, A.LAST_NAME, A.MEMBER_NBR, A.CONTRACT_ID, A.PLAN_ID, A.ReferenceNumber,A.RT,A.provider_type,A.date_request_received,A.time_request_received,A.timeframe_extension,A.expedited_grievance_colP,A.Request_Disposition,A.Date_sponsor_decision,A.time_sponsor_decision,A.lack_of_medical_necessity,A.Date_service_authorization,A.Time_service_authorization,A.TAT_for_decision,A.Timeliness_for_decision) in ('ARLENYSMITH2878509H98700017491487BCP2019/09/2507:17:00NNAApproved2019/09/2507:19:55NA2019/09/2507:19:550Y')
10/06/2020 07:27:30 PM Validating the records for additional columns...
10/06/2020 07:27:30 PM No failures in additional columns.
10/06/2020 07:27:30 PM Captured all the values from Excel Report for Reference Number 7492840
10/06/2020 07:27:31 PM Calculated required parameters from DB
10/06/2020 07:27:31 PM AOR Date: NA
10/06/2020 07:27:31 PM AOR Time: NA
10/06/2020 07:27:31 PM Oral Notification Date: NA
10/06/2020 07:27:31 PM Oral Notification Date: NA
10/06/2020 07:27:31 PM Diagnosis Value: S30.821S - BLISTER NONTHERMAL OF ABDOMINAL WALL SEQUELA
10/06/2020 07:27:31 PM Comparison with Calculated columns initiated...
10/06/2020 07:27:31 PM Comparison with Calculated columns completed.
10/06/2020 07:27:31 PM Verifying additional columns...
10/06/2020 07:27:31 PM Constructing sql query for additional columns...
10/06/2020 07:27:31 PM Extracting records from database...
10/06/2020 07:27:31 PM select count(*) as count from (select distinct md.FIRST_NAME, md.LAST_NAME, md.MEMBER_NBR, muc.CONTRACT_ID, muc.PLAN_ID, A.ReferenceNumber,
case when A.RequestorTypeKey=12 then 'CP' when A.RequestorTypeKey = 13  then 'B' when A.RequestorTypeKey=14 then 'BR' when A.RequestorTypeKey= 15 then 'NCP' else 'NA' end as RT,
Case when up.FacilityProviderIsINN = 1 then 'CP' else 'NCP' end as provider_type,
convert(varchar,di.DATE, 111) as date_request_received,
convert(char(8), rldf.ReviewReceivedDateTime, 24) as time_request_received, --new
Case when rldf.AuthReviewPriorityKey = 4 then 'Y' else 'N' end as timeframe_extension,
Case when rldf.AuthReviewPriorityKey = 4 then '' else 'NA' end as expedited_grievance_colP,
case when rldf.AuthReviewUMFinalStatusKey IN (4, 5) then 'Denied' else 'Approved' end as Request_Disposition,
convert(varchar,dd.DATE, 111) as Date_sponsor_decision,
convert(char(8), rldf.AuthReviewUMFinalDecisionDateTime, 24) as time_sponsor_decision,--new
case when rldf.AuthReviewUMFinalStatusKey  = 3 THEN 'NA' ELSE CASE WHEN rldf.AuthReviewUMFinalDenialReasonKey IN (3, 4, 10, 33) THEN 'Y' ELSE 'N' end end as lack_of_medical_necessity,
CASE WHEN rldf.AuthReviewUMFinalStatusKey = 3 THEN convert(varchar,dd.DATE, 111) ELSE 'NA' end as Date_service_authorization,
CASE WHEN rldf.AuthReviewUMFinalStatusKey = 3 THEN convert(char(8), rldf.AuthReviewUMFinalDecisionDateTime, 24) ELSE 'NA' end as Time_service_authorization, --new
DATEDIFF(hour, rldf.ReviewReceivedDateTime, rldf.AuthReviewUMFinalDecisionDateTime) as TAT_for_decision, --new
case when DATEDIFF(hour, rldf.ReviewReceivedDateTime, rldf.AuthReviewUMFinalDecisionDateTime) > 72 then 'N' when DATEDIFF(hour, rldf.ReviewReceivedDateTime, rldf.AuthReviewUMFinalDecisionDateTime) < 0 THEN 'NA' else 'Y' end as Timeliness_for_decision --new
from  IdentifiRpt.CareNoteFact cf
left outer join MEMBER_DIM md on md.MEMBER_DIM_KEY= cf.MemberDimKey
left outer join PLAN_DIM  pd on pd.PLAN_DIM_KEY= cf.PlanDimKey
left outer join IdentifiRpt.UM_ReviewLineDetailFact rldf on (cf.AuthReviewKey = rldf.AuthReviewKey)
left outer join DATE_DIM dd on dd.DATE_DIM_KEY = rldf.AuthReviewUMFinalDecisionDateDimKey
left outer join MStrategy_Trans.dbo.MSTR_UNIVERSES_CLIENT  muc on muc.PLAN_DESC_IDCARD = pd.PLAN_DESC_IDCARD
left outer join IdentifiRpt.UM_RequestFact AS A on A.AuthRequestKey = rldf.AuthRequestKey
left outer join IdentifiRpt.DiagnosisFact df on (rldf.AuthRequestKey = df.AuthRequestKey)
left outer join DATE_DIM di on di.DATE_DIM_KEY = rldf.ReviewReceivedDateDimKey
left outer join VW_Fact_UM_Providers up on up.AuthRequestKey= rldf.AuthRequestKey
where rldf.AuthReviewPriorityKey in (2, 4) and A.IsPreDetermination in (1) and rldf.AuthReviewUMFinalStatusKey in (3, 5, 4)
and rldf.AuthReviewTypeKey in (1) and A.ReferenceNumber = '7492840' and md.MEMBER_NBR = '2912100')A where concat(A.FIRST_NAME, A.LAST_NAME, A.MEMBER_NBR, A.CONTRACT_ID, A.PLAN_ID, A.ReferenceNumber,A.RT,A.provider_type,A.date_request_received,A.time_request_received,A.timeframe_extension,A.expedited_grievance_colP,A.Request_Disposition,A.Date_sponsor_decision,A.time_sponsor_decision,A.lack_of_medical_necessity,A.Date_service_authorization,A.Time_service_authorization,A.TAT_for_decision,A.Timeliness_for_decision) in ('ARTHURGRANT2912100H98700017492840BCP2019/09/2615:13:00NNAApproved2019/09/2615:18:41NA2019/09/2615:18:410Y')
10/06/2020 07:27:31 PM Validating the records for additional columns...
10/06/2020 07:27:31 PM No failures in additional columns.
10/06/2020 07:27:31 PM Captured all the values from Excel Report for Reference Number 7428678
10/06/2020 07:27:31 PM Calculated required parameters from DB
10/06/2020 07:27:31 PM AOR Date: NA
10/06/2020 07:27:31 PM AOR Time: NA
10/06/2020 07:27:31 PM Oral Notification Date: NA
10/06/2020 07:27:31 PM Oral Notification Date: NA
10/06/2020 07:27:31 PM Diagnosis Value: S80.812 - ABRASION LEFT LOWER LEG; R93.421 - ABNORMAL RAD FIND DIAGNOISIS IMAGING RT KIDNEY
10/06/2020 07:27:31 PM Comparison with Calculated columns initiated...
10/06/2020 07:27:31 PM Comparison with Calculated columns completed.
10/06/2020 07:27:31 PM Verifying additional columns...
10/06/2020 07:27:31 PM Constructing sql query for additional columns...
10/06/2020 07:27:31 PM Extracting records from database...
10/06/2020 07:27:31 PM select count(*) as count from (select distinct md.FIRST_NAME, md.LAST_NAME, md.MEMBER_NBR, muc.CONTRACT_ID, muc.PLAN_ID, A.ReferenceNumber,
case when A.RequestorTypeKey=12 then 'CP' when A.RequestorTypeKey = 13  then 'B' when A.RequestorTypeKey=14 then 'BR' when A.RequestorTypeKey= 15 then 'NCP' else 'NA' end as RT,
Case when up.FacilityProviderIsINN = 1 then 'CP' else 'NCP' end as provider_type,
convert(varchar,di.DATE, 111) as date_request_received,
convert(char(8), rldf.ReviewReceivedDateTime, 24) as time_request_received, --new
Case when rldf.AuthReviewPriorityKey = 4 then 'Y' else 'N' end as timeframe_extension,
Case when rldf.AuthReviewPriorityKey = 4 then '' else 'NA' end as expedited_grievance_colP,
case when rldf.AuthReviewUMFinalStatusKey IN (4, 5) then 'Denied' else 'Approved' end as Request_Disposition,
convert(varchar,dd.DATE, 111) as Date_sponsor_decision,
convert(char(8), rldf.AuthReviewUMFinalDecisionDateTime, 24) as time_sponsor_decision,--new
case when rldf.AuthReviewUMFinalStatusKey  = 3 THEN 'NA' ELSE CASE WHEN rldf.AuthReviewUMFinalDenialReasonKey IN (3, 4, 10, 33) THEN 'Y' ELSE 'N' end end as lack_of_medical_necessity,
CASE WHEN rldf.AuthReviewUMFinalStatusKey = 3 THEN convert(varchar,dd.DATE, 111) ELSE 'NA' end as Date_service_authorization,
CASE WHEN rldf.AuthReviewUMFinalStatusKey = 3 THEN convert(char(8), rldf.AuthReviewUMFinalDecisionDateTime, 24) ELSE 'NA' end as Time_service_authorization, --new
DATEDIFF(hour, rldf.ReviewReceivedDateTime, rldf.AuthReviewUMFinalDecisionDateTime) as TAT_for_decision, --new
case when DATEDIFF(hour, rldf.ReviewReceivedDateTime, rldf.AuthReviewUMFinalDecisionDateTime) > 72 then 'N' when DATEDIFF(hour, rldf.ReviewReceivedDateTime, rldf.AuthReviewUMFinalDecisionDateTime) < 0 THEN 'NA' else 'Y' end as Timeliness_for_decision --new
from  IdentifiRpt.CareNoteFact cf
left outer join MEMBER_DIM md on md.MEMBER_DIM_KEY= cf.MemberDimKey
left outer join PLAN_DIM  pd on pd.PLAN_DIM_KEY= cf.PlanDimKey
left outer join IdentifiRpt.UM_ReviewLineDetailFact rldf on (cf.AuthReviewKey = rldf.AuthReviewKey)
left outer join DATE_DIM dd on dd.DATE_DIM_KEY = rldf.AuthReviewUMFinalDecisionDateDimKey
left outer join MStrategy_Trans.dbo.MSTR_UNIVERSES_CLIENT  muc on muc.PLAN_DESC_IDCARD = pd.PLAN_DESC_IDCARD
left outer join IdentifiRpt.UM_RequestFact AS A on A.AuthRequestKey = rldf.AuthRequestKey
left outer join IdentifiRpt.DiagnosisFact df on (rldf.AuthRequestKey = df.AuthRequestKey)
left outer join DATE_DIM di on di.DATE_DIM_KEY = rldf.ReviewReceivedDateDimKey
left outer join VW_Fact_UM_Providers up on up.AuthRequestKey= rldf.AuthRequestKey
where rldf.AuthReviewPriorityKey in (2, 4) and A.IsPreDetermination in (1) and rldf.AuthReviewUMFinalStatusKey in (3, 5, 4)
and rldf.AuthReviewTypeKey in (1) and A.ReferenceNumber = '7428678' and md.MEMBER_NBR = '2912100')A where concat(A.FIRST_NAME, A.LAST_NAME, A.MEMBER_NBR, A.CONTRACT_ID, A.PLAN_ID, A.ReferenceNumber,A.RT,A.provider_type,A.date_request_received,A.time_request_received,A.timeframe_extension,A.expedited_grievance_colP,A.Request_Disposition,A.Date_sponsor_decision,A.time_sponsor_decision,A.lack_of_medical_necessity,A.Date_service_authorization,A.Time_service_authorization,A.TAT_for_decision,A.Timeliness_for_decision) in ('ARTHURGRANT2912100H98700017428678BCP2019/01/1615:42:00NNADenied2019/01/3115:43:04NNANA0Y')
10/06/2020 07:27:31 PM Validating the records for additional columns...
10/06/2020 07:27:31 PM No failures in additional columns.
10/06/2020 07:27:31 PM Captured all the values from Excel Report for Reference Number 7429183
10/06/2020 07:27:32 PM Calculated required parameters from DB
10/06/2020 07:27:32 PM AOR Date: NA
10/06/2020 07:27:32 PM AOR Time: NA
10/06/2020 07:27:32 PM Oral Notification Date: NA
10/06/2020 07:27:32 PM Oral Notification Date: NA
10/06/2020 07:27:32 PM Diagnosis Value: G82.2 - PARAPLEGIA
10/06/2020 07:27:32 PM Comparison with Calculated columns initiated...
10/06/2020 07:27:32 PM Comparison with Calculated columns completed.
10/06/2020 07:27:32 PM Verifying additional columns...
10/06/2020 07:27:32 PM Constructing sql query for additional columns...
10/06/2020 07:27:32 PM Extracting records from database...
10/06/2020 07:27:32 PM select count(*) as count from (select distinct md.FIRST_NAME, md.LAST_NAME, md.MEMBER_NBR, muc.CONTRACT_ID, muc.PLAN_ID, A.ReferenceNumber,
case when A.RequestorTypeKey=12 then 'CP' when A.RequestorTypeKey = 13  then 'B' when A.RequestorTypeKey=14 then 'BR' when A.RequestorTypeKey= 15 then 'NCP' else 'NA' end as RT,
Case when up.FacilityProviderIsINN = 1 then 'CP' else 'NCP' end as provider_type,
convert(varchar,di.DATE, 111) as date_request_received,
convert(char(8), rldf.ReviewReceivedDateTime, 24) as time_request_received, --new
Case when rldf.AuthReviewPriorityKey = 4 then 'Y' else 'N' end as timeframe_extension,
Case when rldf.AuthReviewPriorityKey = 4 then '' else 'NA' end as expedited_grievance_colP,
case when rldf.AuthReviewUMFinalStatusKey IN (4, 5) then 'Denied' else 'Approved' end as Request_Disposition,
convert(varchar,dd.DATE, 111) as Date_sponsor_decision,
convert(char(8), rldf.AuthReviewUMFinalDecisionDateTime, 24) as time_sponsor_decision,--new
case when rldf.AuthReviewUMFinalStatusKey  = 3 THEN 'NA' ELSE CASE WHEN rldf.AuthReviewUMFinalDenialReasonKey IN (3, 4, 10, 33) THEN 'Y' ELSE 'N' end end as lack_of_medical_necessity,
CASE WHEN rldf.AuthReviewUMFinalStatusKey = 3 THEN convert(varchar,dd.DATE, 111) ELSE 'NA' end as Date_service_authorization,
CASE WHEN rldf.AuthReviewUMFinalStatusKey = 3 THEN convert(char(8), rldf.AuthReviewUMFinalDecisionDateTime, 24) ELSE 'NA' end as Time_service_authorization, --new
DATEDIFF(hour, rldf.ReviewReceivedDateTime, rldf.AuthReviewUMFinalDecisionDateTime) as TAT_for_decision, --new
case when DATEDIFF(hour, rldf.ReviewReceivedDateTime, rldf.AuthReviewUMFinalDecisionDateTime) > 72 then 'N' when DATEDIFF(hour, rldf.ReviewReceivedDateTime, rldf.AuthReviewUMFinalDecisionDateTime) < 0 THEN 'NA' else 'Y' end as Timeliness_for_decision --new
from  IdentifiRpt.CareNoteFact cf
left outer join MEMBER_DIM md on md.MEMBER_DIM_KEY= cf.MemberDimKey
left outer join PLAN_DIM  pd on pd.PLAN_DIM_KEY= cf.PlanDimKey
left outer join IdentifiRpt.UM_ReviewLineDetailFact rldf on (cf.AuthReviewKey = rldf.AuthReviewKey)
left outer join DATE_DIM dd on dd.DATE_DIM_KEY = rldf.AuthReviewUMFinalDecisionDateDimKey
left outer join MStrategy_Trans.dbo.MSTR_UNIVERSES_CLIENT  muc on muc.PLAN_DESC_IDCARD = pd.PLAN_DESC_IDCARD
left outer join IdentifiRpt.UM_RequestFact AS A on A.AuthRequestKey = rldf.AuthRequestKey
left outer join IdentifiRpt.DiagnosisFact df on (rldf.AuthRequestKey = df.AuthRequestKey)
left outer join DATE_DIM di on di.DATE_DIM_KEY = rldf.ReviewReceivedDateDimKey
left outer join VW_Fact_UM_Providers up on up.AuthRequestKey= rldf.AuthRequestKey
where rldf.AuthReviewPriorityKey in (2, 4) and A.IsPreDetermination in (1) and rldf.AuthReviewUMFinalStatusKey in (3, 5, 4)
and rldf.AuthReviewTypeKey in (1) and A.ReferenceNumber = '7429183' and md.MEMBER_NBR = '3285201')A where concat(A.FIRST_NAME, A.LAST_NAME, A.MEMBER_NBR, A.CONTRACT_ID, A.PLAN_ID, A.ReferenceNumber,A.RT,A.provider_type,A.date_request_received,A.time_request_received,A.timeframe_extension,A.expedited_grievance_colP,A.Request_Disposition,A.Date_sponsor_decision,A.time_sponsor_decision,A.lack_of_medical_necessity,A.Date_service_authorization,A.Time_service_authorization,A.TAT_for_decision,A.Timeliness_for_decision) in ('ASHLEYOFF3285201H98700017429183CPNCP2019/01/1714:15:00NNADenied2019/01/1614:17:51YNANA0Y')
10/06/2020 07:27:32 PM Validating the records for additional columns...
10/06/2020 07:27:32 PM No failures in additional columns.
10/06/2020 07:27:32 PM Captured all the values from Excel Report for Reference Number 7429182
10/06/2020 07:27:33 PM Calculated required parameters from DB
10/06/2020 07:27:33 PM AOR Date: NA
10/06/2020 07:27:33 PM AOR Time: NA
10/06/2020 07:27:33 PM Oral Notification Date: NA
10/06/2020 07:27:33 PM Oral Notification Date: NA
10/06/2020 07:27:33 PM Diagnosis Value: M54.42 - LUMBAGO WITH SCIATICA LEFT SIDE
10/06/2020 07:27:33 PM Comparison with Calculated columns initiated...
10/06/2020 07:27:33 PM Comparison with Calculated columns completed.
10/06/2020 07:27:33 PM Verifying additional columns...
10/06/2020 07:27:33 PM Constructing sql query for additional columns...
10/06/2020 07:27:33 PM Extracting records from database...
10/06/2020 07:27:33 PM select count(*) as count from (select distinct md.FIRST_NAME, md.LAST_NAME, md.MEMBER_NBR, muc.CONTRACT_ID, muc.PLAN_ID, A.ReferenceNumber,
case when A.RequestorTypeKey=12 then 'CP' when A.RequestorTypeKey = 13  then 'B' when A.RequestorTypeKey=14 then 'BR' when A.RequestorTypeKey= 15 then 'NCP' else 'NA' end as RT,
Case when up.FacilityProviderIsINN = 1 then 'CP' else 'NCP' end as provider_type,
convert(varchar,di.DATE, 111) as date_request_received,
convert(char(8), rldf.ReviewReceivedDateTime, 24) as time_request_received, --new
Case when rldf.AuthReviewPriorityKey = 4 then 'Y' else 'N' end as timeframe_extension,
Case when rldf.AuthReviewPriorityKey = 4 then '' else 'NA' end as expedited_grievance_colP,
case when rldf.AuthReviewUMFinalStatusKey IN (4, 5) then 'Denied' else 'Approved' end as Request_Disposition,
convert(varchar,dd.DATE, 111) as Date_sponsor_decision,
convert(char(8), rldf.AuthReviewUMFinalDecisionDateTime, 24) as time_sponsor_decision,--new
case when rldf.AuthReviewUMFinalStatusKey  = 3 THEN 'NA' ELSE CASE WHEN rldf.AuthReviewUMFinalDenialReasonKey IN (3, 4, 10, 33) THEN 'Y' ELSE 'N' end end as lack_of_medical_necessity,
CASE WHEN rldf.AuthReviewUMFinalStatusKey = 3 THEN convert(varchar,dd.DATE, 111) ELSE 'NA' end as Date_service_authorization,
CASE WHEN rldf.AuthReviewUMFinalStatusKey = 3 THEN convert(char(8), rldf.AuthReviewUMFinalDecisionDateTime, 24) ELSE 'NA' end as Time_service_authorization, --new
DATEDIFF(hour, rldf.ReviewReceivedDateTime, rldf.AuthReviewUMFinalDecisionDateTime) as TAT_for_decision, --new
case when DATEDIFF(hour, rldf.ReviewReceivedDateTime, rldf.AuthReviewUMFinalDecisionDateTime) > 72 then 'N' when DATEDIFF(hour, rldf.ReviewReceivedDateTime, rldf.AuthReviewUMFinalDecisionDateTime) < 0 THEN 'NA' else 'Y' end as Timeliness_for_decision --new
from  IdentifiRpt.CareNoteFact cf
left outer join MEMBER_DIM md on md.MEMBER_DIM_KEY= cf.MemberDimKey
left outer join PLAN_DIM  pd on pd.PLAN_DIM_KEY= cf.PlanDimKey
left outer join IdentifiRpt.UM_ReviewLineDetailFact rldf on (cf.AuthReviewKey = rldf.AuthReviewKey)
left outer join DATE_DIM dd on dd.DATE_DIM_KEY = rldf.AuthReviewUMFinalDecisionDateDimKey
left outer join MStrategy_Trans.dbo.MSTR_UNIVERSES_CLIENT  muc on muc.PLAN_DESC_IDCARD = pd.PLAN_DESC_IDCARD
left outer join IdentifiRpt.UM_RequestFact AS A on A.AuthRequestKey = rldf.AuthRequestKey
left outer join IdentifiRpt.DiagnosisFact df on (rldf.AuthRequestKey = df.AuthRequestKey)
left outer join DATE_DIM di on di.DATE_DIM_KEY = rldf.ReviewReceivedDateDimKey
left outer join VW_Fact_UM_Providers up on up.AuthRequestKey= rldf.AuthRequestKey
where rldf.AuthReviewPriorityKey in (2, 4) and A.IsPreDetermination in (1) and rldf.AuthReviewUMFinalStatusKey in (3, 5, 4)
and rldf.AuthReviewTypeKey in (1) and A.ReferenceNumber = '7429182' and md.MEMBER_NBR = '3285201')A where concat(A.FIRST_NAME, A.LAST_NAME, A.MEMBER_NBR, A.CONTRACT_ID, A.PLAN_ID, A.ReferenceNumber,A.RT,A.provider_type,A.date_request_received,A.time_request_received,A.timeframe_extension,A.expedited_grievance_colP,A.Request_Disposition,A.Date_sponsor_decision,A.time_sponsor_decision,A.lack_of_medical_necessity,A.Date_service_authorization,A.Time_service_authorization,A.TAT_for_decision,A.Timeliness_for_decision) in ('ASHLEYOFF3285201H98700017429182CPNCP2019/01/1714:10:00NNADenied2019/01/1714:11:57YNANA0Y')
10/06/2020 07:27:33 PM Validating the records for additional columns...
10/06/2020 07:27:33 PM No failures in additional columns.
10/06/2020 07:27:33 PM Captured all the values from Excel Report for Reference Number 7456236
10/06/2020 07:27:34 PM Calculated required parameters from DB
10/06/2020 07:27:34 PM AOR Date: NA
10/06/2020 07:27:34 PM AOR Time: NA
10/06/2020 07:27:34 PM Oral Notification Date: NA
10/06/2020 07:27:34 PM Oral Notification Date: NA
10/06/2020 07:27:34 PM Diagnosis Value: R91 - ABNORMAL FINDINGS ON DIAGNOSTIC IMAGING OF LUNG
10/06/2020 07:27:34 PM Comparison with Calculated columns initiated...
10/06/2020 07:27:34 PM Comparison with Calculated columns completed.
10/06/2020 07:27:34 PM Verifying additional columns...
10/06/2020 07:27:34 PM Constructing sql query for additional columns...
10/06/2020 07:27:34 PM Extracting records from database...
10/06/2020 07:27:34 PM select count(*) as count from (select distinct md.FIRST_NAME, md.LAST_NAME, md.MEMBER_NBR, muc.CONTRACT_ID, muc.PLAN_ID, A.ReferenceNumber,
case when A.RequestorTypeKey=12 then 'CP' when A.RequestorTypeKey = 13  then 'B' when A.RequestorTypeKey=14 then 'BR' when A.RequestorTypeKey= 15 then 'NCP' else 'NA' end as RT,
Case when up.FacilityProviderIsINN = 1 then 'CP' else 'NCP' end as provider_type,
convert(varchar,di.DATE, 111) as date_request_received,
convert(char(8), rldf.ReviewReceivedDateTime, 24) as time_request_received, --new
Case when rldf.AuthReviewPriorityKey = 4 then 'Y' else 'N' end as timeframe_extension,
Case when rldf.AuthReviewPriorityKey = 4 then '' else 'NA' end as expedited_grievance_colP,
case when rldf.AuthReviewUMFinalStatusKey IN (4, 5) then 'Denied' else 'Approved' end as Request_Disposition,
convert(varchar,dd.DATE, 111) as Date_sponsor_decision,
convert(char(8), rldf.AuthReviewUMFinalDecisionDateTime, 24) as time_sponsor_decision,--new
case when rldf.AuthReviewUMFinalStatusKey  = 3 THEN 'NA' ELSE CASE WHEN rldf.AuthReviewUMFinalDenialReasonKey IN (3, 4, 10, 33) THEN 'Y' ELSE 'N' end end as lack_of_medical_necessity,
CASE WHEN rldf.AuthReviewUMFinalStatusKey = 3 THEN convert(varchar,dd.DATE, 111) ELSE 'NA' end as Date_service_authorization,
CASE WHEN rldf.AuthReviewUMFinalStatusKey = 3 THEN convert(char(8), rldf.AuthReviewUMFinalDecisionDateTime, 24) ELSE 'NA' end as Time_service_authorization, --new
DATEDIFF(hour, rldf.ReviewReceivedDateTime, rldf.AuthReviewUMFinalDecisionDateTime) as TAT_for_decision, --new
case when DATEDIFF(hour, rldf.ReviewReceivedDateTime, rldf.AuthReviewUMFinalDecisionDateTime) > 72 then 'N' when DATEDIFF(hour, rldf.ReviewReceivedDateTime, rldf.AuthReviewUMFinalDecisionDateTime) < 0 THEN 'NA' else 'Y' end as Timeliness_for_decision --new
from  IdentifiRpt.CareNoteFact cf
left outer join MEMBER_DIM md on md.MEMBER_DIM_KEY= cf.MemberDimKey
left outer join PLAN_DIM  pd on pd.PLAN_DIM_KEY= cf.PlanDimKey
left outer join IdentifiRpt.UM_ReviewLineDetailFact rldf on (cf.AuthReviewKey = rldf.AuthReviewKey)
left outer join DATE_DIM dd on dd.DATE_DIM_KEY = rldf.AuthReviewUMFinalDecisionDateDimKey
left outer join MStrategy_Trans.dbo.MSTR_UNIVERSES_CLIENT  muc on muc.PLAN_DESC_IDCARD = pd.PLAN_DESC_IDCARD
left outer join IdentifiRpt.UM_RequestFact AS A on A.AuthRequestKey = rldf.AuthRequestKey
left outer join IdentifiRpt.DiagnosisFact df on (rldf.AuthRequestKey = df.AuthRequestKey)
left outer join DATE_DIM di on di.DATE_DIM_KEY = rldf.ReviewReceivedDateDimKey
left outer join VW_Fact_UM_Providers up on up.AuthRequestKey= rldf.AuthRequestKey
where rldf.AuthReviewPriorityKey in (2, 4) and A.IsPreDetermination in (1) and rldf.AuthReviewUMFinalStatusKey in (3, 5, 4)
and rldf.AuthReviewTypeKey in (1) and A.ReferenceNumber = '7456236' and md.MEMBER_NBR = '2964031')A where concat(A.FIRST_NAME, A.LAST_NAME, A.MEMBER_NBR, A.CONTRACT_ID, A.PLAN_ID, A.ReferenceNumber,A.RT,A.provider_type,A.date_request_received,A.time_request_received,A.timeframe_extension,A.expedited_grievance_colP,A.Request_Disposition,A.Date_sponsor_decision,A.time_sponsor_decision,A.lack_of_medical_necessity,A.Date_service_authorization,A.Time_service_authorization,A.TAT_for_decision,A.Timeliness_for_decision) in ('ASHLYNREYNOLDS2964031H98700017456236BCP2019/07/1800:34:00NNAApproved2019/07/1800:38:14NA2019/07/1800:38:140Y')
10/06/2020 07:27:34 PM Validating the records for additional columns...
10/06/2020 07:27:34 PM No failures in additional columns.
10/06/2020 07:27:34 PM Captured all the values from Excel Report for Reference Number D7485298
10/06/2020 07:27:35 PM Calculated required parameters from DB
10/06/2020 07:27:35 PM AOR Date: NA
10/06/2020 07:27:35 PM AOR Time: NA
10/06/2020 07:27:35 PM Oral Notification Date: NA
10/06/2020 07:27:35 PM Oral Notification Date: NA
10/06/2020 07:27:35 PM Diagnosis Value: M80.061 - AGE-REL OSTEOPOROSIS W/CURRNT PATH FX RT LOW LEG
10/06/2020 07:27:35 PM Comparison with Calculated columns initiated...
10/06/2020 07:27:35 PM Comparison with Calculated columns completed.
10/06/2020 07:27:35 PM Verifying additional columns...
10/06/2020 07:27:35 PM Constructing sql query for additional columns...
10/06/2020 07:27:35 PM Extracting records from database...
10/06/2020 07:27:35 PM select count(*) as count from (select distinct md.FIRST_NAME, md.LAST_NAME, md.MEMBER_NBR, muc.CONTRACT_ID, muc.PLAN_ID, A.ReferenceNumber,
case when A.RequestorTypeKey=12 then 'CP' when A.RequestorTypeKey = 13  then 'B' when A.RequestorTypeKey=14 then 'BR' when A.RequestorTypeKey= 15 then 'NCP' else 'NA' end as RT,
Case when up.FacilityProviderIsINN = 1 then 'CP' else 'NCP' end as provider_type,
convert(varchar,di.DATE, 111) as date_request_received,
convert(char(8), rldf.ReviewReceivedDateTime, 24) as time_request_received, --new
Case when rldf.AuthReviewPriorityKey = 4 then 'Y' else 'N' end as timeframe_extension,
Case when rldf.AuthReviewPriorityKey = 4 then '' else 'NA' end as expedited_grievance_colP,
case when rldf.AuthReviewUMFinalStatusKey IN (4, 5) then 'Denied' else 'Approved' end as Request_Disposition,
convert(varchar,dd.DATE, 111) as Date_sponsor_decision,
convert(char(8), rldf.AuthReviewUMFinalDecisionDateTime, 24) as time_sponsor_decision,--new
case when rldf.AuthReviewUMFinalStatusKey  = 3 THEN 'NA' ELSE CASE WHEN rldf.AuthReviewUMFinalDenialReasonKey IN (3, 4, 10, 33) THEN 'Y' ELSE 'N' end end as lack_of_medical_necessity,
CASE WHEN rldf.AuthReviewUMFinalStatusKey = 3 THEN convert(varchar,dd.DATE, 111) ELSE 'NA' end as Date_service_authorization,
CASE WHEN rldf.AuthReviewUMFinalStatusKey = 3 THEN convert(char(8), rldf.AuthReviewUMFinalDecisionDateTime, 24) ELSE 'NA' end as Time_service_authorization, --new
DATEDIFF(hour, rldf.ReviewReceivedDateTime, rldf.AuthReviewUMFinalDecisionDateTime) as TAT_for_decision, --new
case when DATEDIFF(hour, rldf.ReviewReceivedDateTime, rldf.AuthReviewUMFinalDecisionDateTime) > 72 then 'N' when DATEDIFF(hour, rldf.ReviewReceivedDateTime, rldf.AuthReviewUMFinalDecisionDateTime) < 0 THEN 'NA' else 'Y' end as Timeliness_for_decision --new
from  IdentifiRpt.CareNoteFact cf
left outer join MEMBER_DIM md on md.MEMBER_DIM_KEY= cf.MemberDimKey
left outer join PLAN_DIM  pd on pd.PLAN_DIM_KEY= cf.PlanDimKey
left outer join IdentifiRpt.UM_ReviewLineDetailFact rldf on (cf.AuthReviewKey = rldf.AuthReviewKey)
left outer join DATE_DIM dd on dd.DATE_DIM_KEY = rldf.AuthReviewUMFinalDecisionDateDimKey
left outer join MStrategy_Trans.dbo.MSTR_UNIVERSES_CLIENT  muc on muc.PLAN_DESC_IDCARD = pd.PLAN_DESC_IDCARD
left outer join IdentifiRpt.UM_RequestFact AS A on A.AuthRequestKey = rldf.AuthRequestKey
left outer join IdentifiRpt.DiagnosisFact df on (rldf.AuthRequestKey = df.AuthRequestKey)
left outer join DATE_DIM di on di.DATE_DIM_KEY = rldf.ReviewReceivedDateDimKey
left outer join VW_Fact_UM_Providers up on up.AuthRequestKey= rldf.AuthRequestKey
where rldf.AuthReviewPriorityKey in (2, 4) and A.IsPreDetermination in (1) and rldf.AuthReviewUMFinalStatusKey in (3, 5, 4)
and rldf.AuthReviewTypeKey in (1) and A.ReferenceNumber = 'D7485298' and md.MEMBER_NBR = '3248037')A where concat(A.FIRST_NAME, A.LAST_NAME, A.MEMBER_NBR, A.CONTRACT_ID, A.PLAN_ID, A.ReferenceNumber,A.RT,A.provider_type,A.date_request_received,A.time_request_received,A.timeframe_extension,A.expedited_grievance_colP,A.Request_Disposition,A.Date_sponsor_decision,A.time_sponsor_decision,A.lack_of_medical_necessity,A.Date_service_authorization,A.Time_service_authorization,A.TAT_for_decision,A.Timeliness_for_decision) in ('AUBRIEBUCK3248037H9870001D7485298BCP2019/09/2321:15:00NNAApproved2019/09/2321:17:51NA2019/09/2321:17:510Y')
10/06/2020 07:27:35 PM Validating the records for additional columns...
10/06/2020 07:27:35 PM Failure for reference no: D7485298
10/06/2020 07:27:35 PM select concat(A.FIRST_NAME, A.LAST_NAME, A.MEMBER_NBR, A.CONTRACT_ID, A.PLAN_ID, A.ReferenceNumber,A.RT,A.provider_type,A.date_request_received,
A.time_request_received,A.timeframe_extension,A.expedited_grievance_colP,A.Request_Disposition,A.Date_sponsor_decision,
A.time_sponsor_decision,A.lack_of_medical_necessity,A.Date_service_authorization,A.Time_service_authorization,A.TAT_for_decision,
A.Timeliness_for_decision)
from (select distinct md.FIRST_NAME, md.LAST_NAME, md.MEMBER_NBR, muc.CONTRACT_ID, muc.PLAN_ID, A.ReferenceNumber,
case when A.RequestorTypeKey=12 then 'CP' when A.RequestorTypeKey = 13  then 'B' when A.RequestorTypeKey=14 then 'BR' when A.RequestorTypeKey= 15 then 'NCP' else 'NA' end as RT,
Case when up.FacilityProviderIsINN = 1 then 'CP' else 'NCP' end as provider_type,
convert(varchar,di.DATE, 111) as date_request_received,
convert(char(8), rldf.ReviewReceivedDateTime, 24) as time_request_received, --new
Case when rldf.AuthReviewPriorityKey = 4 then 'Y' else 'N' end as timeframe_extension,
Case when rldf.AuthReviewPriorityKey = 4 then '' else 'NA' end as expedited_grievance_colP,
case when rldf.AuthReviewUMFinalStatusKey IN (4, 5) then 'Denied' else 'Approved' end as Request_Disposition,
convert(varchar,dd.DATE, 111) as Date_sponsor_decision,
convert(char(8), rldf.AuthReviewUMFinalDecisionDateTime, 24) as time_sponsor_decision,--new
case when rldf.AuthReviewUMFinalStatusKey  = 3 THEN 'NA' ELSE CASE WHEN rldf.AuthReviewUMFinalDenialReasonKey IN (3, 4, 10, 33) THEN 'Y' ELSE 'N' end end as lack_of_medical_necessity,
CASE WHEN rldf.AuthReviewUMFinalStatusKey = 3 THEN convert(varchar,dd.DATE, 111) ELSE 'NA' end as Date_service_authorization,
CASE WHEN rldf.AuthReviewUMFinalStatusKey = 3 THEN convert(char(8), rldf.AuthReviewUMFinalDecisionDateTime, 24) ELSE 'NA' end as Time_service_authorization, --new
DATEDIFF(hour, rldf.ReviewReceivedDateTime, rldf.AuthReviewUMFinalDecisionDateTime) as TAT_for_decision, --new
case when DATEDIFF(hour, rldf.ReviewReceivedDateTime, rldf.AuthReviewUMFinalDecisionDateTime) > 72 then 'N' when DATEDIFF(hour, rldf.ReviewReceivedDateTime, rldf.AuthReviewUMFinalDecisionDateTime) < 0 THEN 'NA' else 'Y' end as Timeliness_for_decision --new
from  IdentifiRpt.CareNoteFact cf
left outer join MEMBER_DIM md on md.MEMBER_DIM_KEY= cf.MemberDimKey
left outer join PLAN_DIM  pd on pd.PLAN_DIM_KEY= cf.PlanDimKey
left outer join IdentifiRpt.UM_ReviewLineDetailFact rldf on (cf.AuthReviewKey = rldf.AuthReviewKey)
left outer join DATE_DIM dd on dd.DATE_DIM_KEY = rldf.AuthReviewUMFinalDecisionDateDimKey
left outer join MStrategy_Trans.dbo.MSTR_UNIVERSES_CLIENT  muc on muc.PLAN_DESC_IDCARD = pd.PLAN_DESC_IDCARD
left outer join IdentifiRpt.UM_RequestFact AS A on A.AuthRequestKey = rldf.AuthRequestKey
left outer join IdentifiRpt.DiagnosisFact df on (rldf.AuthRequestKey = df.AuthRequestKey)
left outer join DATE_DIM di on di.DATE_DIM_KEY = rldf.ReviewReceivedDateDimKey
left outer join VW_Fact_UM_Providers up on up.AuthRequestKey= rldf.AuthRequestKey
where rldf.AuthReviewPriorityKey in (2, 4) and A.IsPreDetermination in (1) and rldf.AuthReviewUMFinalStatusKey in (3, 5, 4)
and rldf.AuthReviewTypeKey in (1) and A.ReferenceNumber = 'D7485298' and md.MEMBER_NBR = '3248037')A
10/06/2020 07:27:35 PM Record from DB: AUBRIEBUCK3248037D7485298BCP2019/09/2321:15:00NNAApproved2019/09/2321:17:51NA2019/09/2321:17:510Y
10/06/2020 07:27:35 PM Record from Excel Report: AUBRIEBUCK3248037H9870001D7485298BCP2019/09/2321:15:00NNAApproved2019/09/2321:17:51NA2019/09/2321:17:510Y
10/06/2020 07:27:35 PM No failures in additional columns.
10/06/2020 07:27:35 PM Count of Failed Reference Numbers: 1
10/06/2020 07:27:35 PM Count of Total Reference Numbers: 8
